  Using 'git status' to determine working set for adaptive non-unity build (C:\Users\Romanyuta\Desktop\Projects\TDS).
  Parsing headers for TDSEditor
    Running UnrealHeaderTool "C:\Users\Romanyuta\Desktop\Projects\TDS\TDS\TDS.uproject" "C:\Users\Romanyuta\Desktop\Projects\TDS\TDS\Intermediate\Build\Win64\TDSEditor\Development\TDSEditor.uhtmanifest" -LogCmds="loginit warning, logexit warning, logdatabase error" -Unattended -WarningsAsErrors -abslog="C:\Users\Romanyuta\AppData\Local\UnrealBuildTool\Log_UHT.txt" -installed
  LogInit: Display: Loading text-based GConfig....
  Reflection code generated for TDSEditor in 5,5404039 seconds
  Building TDSEditor...
  Using Visual Studio 2022 14.33.31630 toolchain (C:\Program Files\Microsoft Visual Studio\2022\Community\VC\Tools\MSVC\14.33.31629) and Windows 10.0.19041.0 SDK (C:\Program Files (x86)\Windows Kits\10).
  Building 8 actions with 16 processes...
    [1/8] TDS.init.gen.cpp
    [2/8] TDSGameMode.cpp
    [3/8] TDSCharacter.gen.cpp
    [4/8] TDSPlayerController.cpp
    [5/8] TDSCharacter.cpp
    [6/8] UE4Editor-TDS.lib
       Creating library C:\Users\Romanyuta\Desktop\Projects\TDS\TDS\Intermediate\Build\Win64\UE4Editor\Development\TDS\UE4Editor-TDS.lib and object C:\Users\Romanyuta\Desktop\Projects\TDS\TDS\Intermediate\Build\Win64\UE4Editor\Development\TDS\UE4Editor-TDS.exp
    [7/8] UE4Editor-TDS.dll
       Creating library C:\Users\Romanyuta\Desktop\Projects\TDS\TDS\Intermediate\Build\Win64\UE4Editor\Development\TDS\UE4Editor-TDS.suppressed.lib and object C:\Users\Romanyuta\Desktop\Projects\TDS\TDS\Intermediate\Build\Win64\UE4Editor\Development\TDS\UE4Editor-TDS.suppressed.exp
    [8/8] TDSEditor.target
  Total time in Parallel executor: 5,46 seconds
  Total execution time: 12,85 seconds
